<?xml version="1.0" encoding="UTF-8"?>
<!-- Generated by org.testng.reporters.JUnitReportReporter -->
<testsuite hostname="NatikPC" name="testNG.TestNG" tests="4" failures="0" timestamp="27 Mar 2017 05:14:23 GMT" time="9.532" errors="0">
  <testcase name="agendarCitaDoctoryPacienteNOExiteDevuelveError" time="1.989" classname="testNG.TestNG"/>
  <testcase name="agendarCitaDoctorNOExiteDevuelveError" time="4.510" classname="testNG.TestNG"/>
  <testcase name="agendarCitaPacienteyDoctorExitenteDevuelveGuardado" time="1.587" classname="testNG.TestNG"/>
  <testcase name="agendarCitaPacienteNoExiteDevuelveError" time="1.446" classname="testNG.TestNG"/>
</testsuite> <!-- testNG.TestNG -->
